  main.cpp
Z:\Visual studio\Project3\Project3\main.cpp(49,23): warning C4305: '+=': truncation from 'double' to 'float'
Z:\Visual studio\Project3\Project3\main.cpp(64,23): warning C4305: '+=': truncation from 'double' to 'float'
Z:\Visual studio\Project3\Project3\main.cpp(73,23): warning C4305: '+=': truncation from 'double' to 'float'
Z:\Visual studio\Project3\Project3\main.cpp(122,59): warning C4244: '=': conversion from 'sf::Int32' to 'float', possible loss of data
Z:\Visual studio\Project3\Project3\main.cpp(128,207): warning C4244: 'argument': conversion from 'T' to 'T', possible loss of data
          with
          [
              T=float
          ]
          and
          [
              T=int
          ]
Z:\Visual studio\Project3\Project3\main.cpp(128,140): warning C4244: 'argument': conversion from 'T' to 'T', possible loss of data
          with
          [
              T=float
          ]
          and
          [
              T=int
          ]
Z:\Visual studio\Project3\Project3\main.cpp(128,98): warning C4244: 'argument': conversion from 'T' to 'T', possible loss of data
          with
          [
              T=float
          ]
          and
          [
              T=int
          ]
Z:\Visual studio\Project3\Project3\main.cpp(140,168): warning C4244: 'argument': conversion from 'T' to 'T', possible loss of data
          with
          [
              T=float
          ]
          and
          [
              T=int
          ]
Z:\Visual studio\Project3\Project3\main.cpp(140,131): warning C4244: 'argument': conversion from 'T' to 'T', possible loss of data
          with
          [
              T=float
          ]
          and
          [
              T=int
          ]
Z:\Visual studio\Project3\Project3\main.cpp(140,60): warning C4244: 'argument': conversion from 'T' to 'T', possible loss of data
          with
          [
              T=float
          ]
          and
          [
              T=int
          ]
Z:\Visual studio\Project3\Project3\main.cpp(290,46): warning C4244: '=': conversion from 'sf::Int32' to 'float', possible loss of data
Z:\Visual studio\Project3\Project3\main.cpp(295,205): warning C4244: 'argument': conversion from 'T' to 'T', possible loss of data
          with
          [
              T=float
          ]
          and
          [
              T=int
          ]
Z:\Visual studio\Project3\Project3\main.cpp(295,150): warning C4244: 'argument': conversion from 'T' to 'T', possible loss of data
          with
          [
              T=float
          ]
          and
          [
              T=int
          ]
Z:\Visual studio\Project3\Project3\main.cpp(295,116): warning C4244: 'argument': conversion from 'T' to 'T', possible loss of data
          with
          [
              T=float
          ]
          and
          [
              T=int
          ]
Z:\Visual studio\Project3\Project3\main.cpp(295,79): warning C4244: 'argument': conversion from 'T' to 'T', possible loss of data
          with
          [
              T=float
          ]
          and
          [
              T=int
          ]
Z:\Visual studio\Project3\Project3\main.cpp(303,172): warning C4244: 'argument': conversion from 'T' to 'T', possible loss of data
          with
          [
              T=float
          ]
          and
          [
              T=int
          ]
Z:\Visual studio\Project3\Project3\main.cpp(303,141): warning C4244: 'argument': conversion from 'T' to 'T', possible loss of data
          with
          [
              T=float
          ]
          and
          [
              T=int
          ]
Z:\Visual studio\Project3\Project3\main.cpp(303,84): warning C4244: 'argument': conversion from 'T' to 'T', possible loss of data
          with
          [
              T=float
          ]
          and
          [
              T=int
          ]
Z:\Visual studio\Project3\Project3\main.cpp(303,47): warning C4244: 'argument': conversion from 'T' to 'T', possible loss of data
          with
          [
              T=float
          ]
          and
          [
              T=int
          ]
Z:\Visual studio\Project3\Project3\main.cpp(311,158): warning C4244: 'argument': conversion from 'T' to 'T', possible loss of data
          with
          [
              T=float
          ]
          and
          [
              T=int
          ]
Z:\Visual studio\Project3\Project3\main.cpp(311,103): warning C4244: 'argument': conversion from 'T' to 'T', possible loss of data
          with
          [
              T=float
          ]
          and
          [
              T=int
          ]
Z:\Visual studio\Project3\Project3\main.cpp(311,69): warning C4244: 'argument': conversion from 'T' to 'T', possible loss of data
          with
          [
              T=float
          ]
          and
          [
              T=int
          ]
Z:\Visual studio\Project3\Project3\main.cpp(311,57): warning C4244: 'argument': conversion from 'T' to 'T', possible loss of data
          with
          [
              T=float
          ]
          and
          [
              T=int
          ]
Z:\Visual studio\Project3\Project3\main.cpp(316,157): warning C4244: 'argument': conversion from 'T' to 'T', possible loss of data
          with
          [
              T=float
          ]
          and
          [
              T=int
          ]
Z:\Visual studio\Project3\Project3\main.cpp(316,126): warning C4244: 'argument': conversion from 'T' to 'T', possible loss of data
          with
          [
              T=float
          ]
          and
          [
              T=int
          ]
Z:\Visual studio\Project3\Project3\main.cpp(316,69): warning C4244: 'argument': conversion from 'T' to 'T', possible loss of data
          with
          [
              T=float
          ]
          and
          [
              T=int
          ]
Z:\Visual studio\Project3\Project3\main.cpp(316,57): warning C4244: 'argument': conversion from 'T' to 'T', possible loss of data
          with
          [
              T=float
          ]
          and
          [
              T=int
          ]
Z:\Visual studio\Project3\Project3\main.cpp(835,63): warning C4244: 'argument': conversion from 'int' to 'T', possible loss of data
          with
          [
              T=float
          ]
Z:\Visual studio\Project3\Project3\main.cpp(835,48): warning C4244: 'argument': conversion from 'int' to 'T', possible loss of data
          with
          [
              T=float
          ]
Z:\Visual studio\Project3\Project3\main.cpp(851,70): warning C4244: 'argument': conversion from 'int' to 'T', possible loss of data
          with
          [
              T=float
          ]
Z:\Visual studio\Project3\Project3\main.cpp(851,55): warning C4244: 'argument': conversion from 'int' to 'T', possible loss of data
          with
          [
              T=float
          ]
Z:\Visual studio\Project3\Project3\main.cpp(867,66): warning C4244: 'argument': conversion from 'int' to 'T', possible loss of data
          with
          [
              T=float
          ]
Z:\Visual studio\Project3\Project3\main.cpp(867,51): warning C4244: 'argument': conversion from 'int' to 'T', possible loss of data
          with
          [
              T=float
          ]
Z:\Visual studio\Project3\Project3\main.cpp(868,40): warning C4305: 'argument': truncation from 'double' to 'float'
Z:\Visual studio\Project3\Project3\main.cpp(885,67): warning C4244: 'argument': conversion from 'int' to 'T', possible loss of data
          with
          [
              T=float
          ]
Z:\Visual studio\Project3\Project3\main.cpp(885,52): warning C4244: 'argument': conversion from 'int' to 'T', possible loss of data
          with
          [
              T=float
          ]
Z:\Visual studio\Project3\Project3\main.cpp(886,41): warning C4305: 'argument': truncation from 'double' to 'float'
Z:\Visual studio\Project3\Project3\main.cpp(902,65): warning C4244: 'argument': conversion from 'int' to 'T', possible loss of data
          with
          [
              T=float
          ]
Z:\Visual studio\Project3\Project3\main.cpp(902,50): warning C4244: 'argument': conversion from 'int' to 'T', possible loss of data
          with
          [
              T=float
          ]
Z:\Visual studio\Project3\Project3\main.cpp(903,39): warning C4305: 'argument': truncation from 'double' to 'float'
Z:\Visual studio\Project3\Project3\main.cpp(919,66): warning C4244: 'argument': conversion from 'int' to 'T', possible loss of data
          with
          [
              T=float
          ]
Z:\Visual studio\Project3\Project3\main.cpp(919,51): warning C4244: 'argument': conversion from 'int' to 'T', possible loss of data
          with
          [
              T=float
          ]
Z:\Visual studio\Project3\Project3\main.cpp(920,40): warning C4305: 'argument': truncation from 'double' to 'float'
Z:\Visual studio\Project3\Project3\main.cpp(937,70): warning C4244: 'argument': conversion from 'int' to 'T', possible loss of data
          with
          [
              T=float
          ]
Z:\Visual studio\Project3\Project3\main.cpp(937,55): warning C4244: 'argument': conversion from 'int' to 'T', possible loss of data
          with
          [
              T=float
          ]
Z:\Visual studio\Project3\Project3\main.cpp(938,44): warning C4305: 'argument': truncation from 'double' to 'float'
Z:\Visual studio\Project3\Project3\main.cpp(954,68): warning C4244: 'argument': conversion from 'int' to 'T', possible loss of data
          with
          [
              T=float
          ]
Z:\Visual studio\Project3\Project3\main.cpp(954,53): warning C4244: 'argument': conversion from 'int' to 'T', possible loss of data
          with
          [
              T=float
          ]
Z:\Visual studio\Project3\Project3\main.cpp(955,42): warning C4305: 'argument': truncation from 'double' to 'float'
Z:\Visual studio\Project3\Project3\main.cpp(971,63): warning C4244: 'argument': conversion from 'int' to 'T', possible loss of data
          with
          [
              T=float
          ]
Z:\Visual studio\Project3\Project3\main.cpp(971,48): warning C4244: 'argument': conversion from 'int' to 'T', possible loss of data
          with
          [
              T=float
          ]
Z:\Visual studio\Project3\Project3\main.cpp(972,37): warning C4305: 'argument': truncation from 'double' to 'float'
Z:\Visual studio\Project3\Project3\main.cpp(1316,28): warning C4305: 'argument': truncation from 'double' to 'float'
Z:\Visual studio\Project3\Project3\main.cpp(1328,52): warning C4244: 'argument': conversion from 'T' to 'float', possible loss of data
          with
          [
              T=unsigned int
          ]
Z:\Visual studio\Project3\Project3\main.cpp(1328,38): warning C4244: 'argument': conversion from 'T' to 'float', possible loss of data
          with
          [
              T=unsigned int
          ]
Z:\Visual studio\Project3\Project3\main.cpp(1348,31): warning C4305: 'argument': truncation from 'double' to 'float'
Z:\Visual studio\Project3\Project3\main.cpp(1357,36): warning C4305: 'argument': truncation from 'double' to 'float'
Z:\Visual studio\Project3\Project3\main.cpp(1366,33): warning C4305: 'argument': truncation from 'double' to 'float'
Z:\Visual studio\Project3\Project3\main.cpp(1376,38): warning C4305: 'argument': truncation from 'double' to 'float'
Z:\Visual studio\Project3\Project3\main.cpp(1427,22): warning C4244: 'initializing': conversion from 'sf::Int32' to 'float', possible loss of data
Z:\Visual studio\Project3\Project3\main.cpp(1475,42): warning C4305: 'argument': truncation from 'double' to 'T'
          with
          [
              T=float
          ]
Z:\Visual studio\Project3\Project3\main.cpp(1483,19): warning C4244: 'initializing': conversion from 'sf::Int32' to 'float', possible loss of data
Z:\Visual studio\Project3\Project3\main.cpp(1500,25): warning C4244: 'initializing': conversion from 'sf::Int32' to 'float', possible loss of data
Z:\Visual studio\Project3\Project3\main.cpp(1518,26): warning C4244: 'initializing': conversion from 'sf::Int32' to 'float', possible loss of data
Z:\Visual studio\Project3\Project3\main.cpp(1525,37): warning C4305: 'argument': truncation from 'double' to 'float'
Z:\Visual studio\Project3\Project3\main.cpp(1536,27): warning C4244: 'initializing': conversion from 'sf::Int32' to 'float', possible loss of data
Z:\Visual studio\Project3\Project3\main.cpp(1750,77): warning C4244: '=': conversion from 'sf::Int32' to 'float', possible loss of data
Z:\Visual studio\Project3\Project3\main.cpp(1751,71): warning C4244: '=': conversion from 'sf::Int32' to 'float', possible loss of data
Z:\Visual studio\Project3\Project3\main.cpp(1754,65): warning C4244: '=': conversion from 'float' to 'int', possible loss of data
Z:\Visual studio\Project3\Project3\main.cpp(1761,82): warning C4244: 'argument': conversion from 'unsigned int' to 'float', possible loss of data
Z:\Visual studio\Project3\Project3\main.cpp(1766,74): warning C4244: 'argument': conversion from 'unsigned int' to 'float', possible loss of data
Z:\Visual studio\Project3\Project3\main.cpp(1849,59): warning C4244: '=': conversion from 'sf::Int32' to 'float', possible loss of data
Z:\Visual studio\Project3\Project3\main.cpp(1872,37): warning C4305: 'argument': truncation from 'double' to 'float'
Z:\Visual studio\Project3\Project3\main.cpp(1881,37): warning C4305: 'argument': truncation from 'double' to 'float'
Z:\Visual studio\Project3\Project3\main.cpp(1915,117): warning C4244: 'argument': conversion from 'unsigned int' to 'float', possible loss of data
Z:\Visual studio\Project3\Project3\main.cpp(1917,84): warning C4244: 'argument': conversion from 'unsigned int' to 'float', possible loss of data
Z:\Visual studio\Project3\Project3\main.cpp(1937,119): warning C4244: 'argument': conversion from 'unsigned int' to 'float', possible loss of data
Z:\Visual studio\Project3\Project3\main.cpp(1939,85): warning C4244: 'argument': conversion from 'unsigned int' to 'float', possible loss of data
Z:\Visual studio\Project3\Project3\main.cpp(1953,26): warning C4018: '<=': signed/unsigned mismatch
Z:\Visual studio\Project3\Project3\main.cpp(1959,117): warning C4244: 'argument': conversion from 'unsigned int' to 'float', possible loss of data
Z:\Visual studio\Project3\Project3\main.cpp(1961,84): warning C4244: 'argument': conversion from 'unsigned int' to 'float', possible loss of data
Z:\Visual studio\Project3\Project3\main.cpp(1983,27): warning C4018: '<': signed/unsigned mismatch
Z:\Visual studio\Project3\Project3\main.cpp(1990,27): warning C4018: '<': signed/unsigned mismatch
Z:\Visual studio\Project3\Project3\main.cpp(1997,27): warning C4018: '<': signed/unsigned mismatch
Z:\Visual studio\Project3\Project3\main.cpp(2008,24): warning C4018: '<': signed/unsigned mismatch
Z:\Visual studio\Project3\Project3\main.cpp(2025,24): warning C4018: '<': signed/unsigned mismatch
Z:\Visual studio\Project3\Project3\main.cpp(2043,24): warning C4018: '<': signed/unsigned mismatch
Z:\Visual studio\Project3\Project3\main.cpp(2067,23): warning C4018: '<': signed/unsigned mismatch
Z:\Visual studio\Project3\Project3\main.cpp(2085,24): warning C4018: '<': signed/unsigned mismatch
Z:\Visual studio\Project3\Project3\main.cpp(2106,86): warning C4244: 'argument': conversion from 'float' to 'int', possible loss of data
Z:\Visual studio\Project3\Project3\main.cpp(2106,67): warning C4244: 'argument': conversion from 'float' to 'int', possible loss of data
Z:\Visual studio\Project3\Project3\main.cpp(2114,25): warning C4018: '<': signed/unsigned mismatch
Z:\Visual studio\Project3\Project3\main.cpp(2133,89): warning C4244: 'argument': conversion from 'float' to 'int', possible loss of data
Z:\Visual studio\Project3\Project3\main.cpp(2133,71): warning C4244: 'argument': conversion from 'float' to 'int', possible loss of data
Z:\Visual studio\Project3\Project3\main.cpp(2143,24): warning C4018: '<': signed/unsigned mismatch
Z:\Visual studio\Project3\Project3\main.cpp(2147,82): warning C4244: 'argument': conversion from 'float' to 'int', possible loss of data
Z:\Visual studio\Project3\Project3\main.cpp(2147,64): warning C4244: 'argument': conversion from 'float' to 'int', possible loss of data
Z:\Visual studio\Project3\Project3\main.cpp(2164,69): warning C4244: '=': conversion from 'sf::Int32' to 'float', possible loss of data
Z:\Visual studio\Project3\Project3\main.cpp(2265,64): warning C4244: '=': conversion from 'float' to 'int', possible loss of data
Z:\Visual studio\Project3\Project3\main.cpp(2266,72): warning C4244: '=': conversion from 'float' to 'int', possible loss of data
Z:\Visual studio\Project3\Project3\main.cpp(2329,23): warning C4018: '<': signed/unsigned mismatch
Z:\Visual studio\Project3\Project3\main.cpp(2333,23): warning C4018: '<': signed/unsigned mismatch
Z:\Visual studio\Project3\Project3\main.cpp(2337,23): warning C4018: '<': signed/unsigned mismatch
Z:\Visual studio\Project3\Project3\main.cpp(2476,28): warning C4305: 'argument': truncation from 'double' to 'float'
Z:\Visual studio\Project3\Project3\main.cpp(2488,52): warning C4244: 'argument': conversion from 'T' to 'float', possible loss of data
          with
          [
              T=unsigned int
          ]
Z:\Visual studio\Project3\Project3\main.cpp(2488,38): warning C4244: 'argument': conversion from 'T' to 'float', possible loss of data
          with
          [
              T=unsigned int
          ]
Z:\Visual studio\Project3\Project3\main.cpp(2572,34): warning C4305: 'argument': truncation from 'double' to 'float'
Z:\Visual studio\Project3\Project3\main.cpp(2586,39): warning C4305: 'argument': truncation from 'double' to 'float'
Z:\Visual studio\Project3\Project3\main.cpp(2589,40): warning C4305: 'argument': truncation from 'double' to 'float'
Z:\Visual studio\Project3\Project3\main.cpp(2637,22): warning C4244: 'initializing': conversion from 'sf::Int32' to 'float', possible loss of data
Z:\Visual studio\Project3\Project3\main.cpp(2683,42): warning C4305: 'argument': truncation from 'double' to 'T'
          with
          [
              T=float
          ]
Z:\Visual studio\Project3\Project3\main.cpp(2691,19): warning C4244: 'initializing': conversion from 'sf::Int32' to 'float', possible loss of data
Z:\Visual studio\Project3\Project3\main.cpp(2708,25): warning C4244: 'initializing': conversion from 'sf::Int32' to 'float', possible loss of data
Z:\Visual studio\Project3\Project3\main.cpp(2727,26): warning C4244: 'initializing': conversion from 'sf::Int32' to 'float', possible loss of data
Z:\Visual studio\Project3\Project3\main.cpp(2745,27): warning C4244: 'initializing': conversion from 'sf::Int32' to 'float', possible loss of data
Z:\Visual studio\Project3\Project3\main.cpp(2902,61): warning C4244: '=': conversion from 'float' to 'int', possible loss of data
Z:\Visual studio\Project3\Project3\main.cpp(2922,59): warning C4244: '=': conversion from 'sf::Int32' to 'float', possible loss of data
Z:\Visual studio\Project3\Project3\main.cpp(2979,117): warning C4244: 'argument': conversion from 'unsigned int' to 'float', possible loss of data
Z:\Visual studio\Project3\Project3\main.cpp(2981,84): warning C4244: 'argument': conversion from 'unsigned int' to 'float', possible loss of data
Z:\Visual studio\Project3\Project3\main.cpp(3001,119): warning C4244: 'argument': conversion from 'unsigned int' to 'float', possible loss of data
Z:\Visual studio\Project3\Project3\main.cpp(3003,85): warning C4244: 'argument': conversion from 'unsigned int' to 'float', possible loss of data
Z:\Visual studio\Project3\Project3\main.cpp(3023,117): warning C4244: 'argument': conversion from 'unsigned int' to 'float', possible loss of data
Z:\Visual studio\Project3\Project3\main.cpp(3025,84): warning C4244: 'argument': conversion from 'unsigned int' to 'float', possible loss of data
Z:\Visual studio\Project3\Project3\main.cpp(3047,27): warning C4018: '<': signed/unsigned mismatch
Z:\Visual studio\Project3\Project3\main.cpp(3054,27): warning C4018: '<': signed/unsigned mismatch
Z:\Visual studio\Project3\Project3\main.cpp(3061,27): warning C4018: '<': signed/unsigned mismatch
Z:\Visual studio\Project3\Project3\main.cpp(3072,24): warning C4018: '<': signed/unsigned mismatch
Z:\Visual studio\Project3\Project3\main.cpp(3089,24): warning C4018: '<': signed/unsigned mismatch
Z:\Visual studio\Project3\Project3\main.cpp(3107,24): warning C4018: '<': signed/unsigned mismatch
Z:\Visual studio\Project3\Project3\main.cpp(3130,23): warning C4018: '<': signed/unsigned mismatch
Z:\Visual studio\Project3\Project3\main.cpp(3133,24): warning C4018: '<': signed/unsigned mismatch
Z:\Visual studio\Project3\Project3\main.cpp(3135,86): warning C4244: 'argument': conversion from 'float' to 'int', possible loss of data
Z:\Visual studio\Project3\Project3\main.cpp(3135,67): warning C4244: 'argument': conversion from 'float' to 'int', possible loss of data
Z:\Visual studio\Project3\Project3\main.cpp(3145,25): warning C4018: '<': signed/unsigned mismatch
Z:\Visual studio\Project3\Project3\main.cpp(3147,89): warning C4244: 'argument': conversion from 'float' to 'int', possible loss of data
Z:\Visual studio\Project3\Project3\main.cpp(3147,71): warning C4244: 'argument': conversion from 'float' to 'int', possible loss of data
Z:\Visual studio\Project3\Project3\main.cpp(3157,24): warning C4018: '<': signed/unsigned mismatch
Z:\Visual studio\Project3\Project3\main.cpp(3161,82): warning C4244: 'argument': conversion from 'float' to 'int', possible loss of data
Z:\Visual studio\Project3\Project3\main.cpp(3161,64): warning C4244: 'argument': conversion from 'float' to 'int', possible loss of data
Z:\Visual studio\Project3\Project3\main.cpp(3180,69): warning C4244: '=': conversion from 'sf::Int32' to 'float', possible loss of data
Z:\Visual studio\Project3\Project3\main.cpp(3312,23): warning C4018: '<': signed/unsigned mismatch
Z:\Visual studio\Project3\Project3\main.cpp(3316,23): warning C4018: '<': signed/unsigned mismatch
Z:\Visual studio\Project3\Project3\main.cpp(3320,23): warning C4018: '<': signed/unsigned mismatch
Z:\Visual studio\Project3\Project3\main.cpp(3466,28): warning C4305: 'argument': truncation from 'double' to 'float'
Z:\Visual studio\Project3\Project3\main.cpp(3478,52): warning C4244: 'argument': conversion from 'T' to 'float', possible loss of data
          with
          [
              T=unsigned int
          ]
Z:\Visual studio\Project3\Project3\main.cpp(3478,38): warning C4244: 'argument': conversion from 'T' to 'float', possible loss of data
          with
          [
              T=unsigned int
          ]
Z:\Visual studio\Project3\Project3\main.cpp(3497,39): warning C4305: 'argument': truncation from 'double' to 'float'
Z:\Visual studio\Project3\Project3\main.cpp(3506,39): warning C4305: 'argument': truncation from 'double' to 'float'
Z:\Visual studio\Project3\Project3\main.cpp(3515,33): warning C4305: 'argument': truncation from 'double' to 'float'
Z:\Visual studio\Project3\Project3\main.cpp(3525,38): warning C4305: 'argument': truncation from 'double' to 'float'
Z:\Visual studio\Project3\Project3\main.cpp(3576,22): warning C4244: 'initializing': conversion from 'sf::Int32' to 'float', possible loss of data
Z:\Visual studio\Project3\Project3\main.cpp(3621,42): warning C4305: 'argument': truncation from 'double' to 'T'
          with
          [
              T=float
          ]
Z:\Visual studio\Project3\Project3\main.cpp(3629,19): warning C4244: 'initializing': conversion from 'sf::Int32' to 'float', possible loss of data
Z:\Visual studio\Project3\Project3\main.cpp(3637,37): warning C4305: 'argument': truncation from 'double' to 'float'
Z:\Visual studio\Project3\Project3\main.cpp(3648,31): warning C4244: 'initializing': conversion from 'sf::Int32' to 'float', possible loss of data
Z:\Visual studio\Project3\Project3\main.cpp(3657,38): warning C4305: 'argument': truncation from 'double' to 'float'
Z:\Visual studio\Project3\Project3\main.cpp(3669,29): warning C4244: 'initializing': conversion from 'sf::Int32' to 'float', possible loss of data
Z:\Visual studio\Project3\Project3\main.cpp(3678,37): warning C4305: 'argument': truncation from 'double' to 'float'
Z:\Visual studio\Project3\Project3\main.cpp(3689,27): warning C4244: 'initializing': conversion from 'sf::Int32' to 'float', possible loss of data
Z:\Visual studio\Project3\Project3\main.cpp(3864,59): warning C4244: '=': conversion from 'sf::Int32' to 'float', possible loss of data
Z:\Visual studio\Project3\Project3\main.cpp(3887,37): warning C4305: 'argument': truncation from 'double' to 'float'
Z:\Visual studio\Project3\Project3\main.cpp(3896,37): warning C4305: 'argument': truncation from 'double' to 'float'
Z:\Visual studio\Project3\Project3\main.cpp(3931,117): warning C4244: 'argument': conversion from 'unsigned int' to 'float', possible loss of data
Z:\Visual studio\Project3\Project3\main.cpp(3933,84): warning C4244: 'argument': conversion from 'unsigned int' to 'float', possible loss of data
Z:\Visual studio\Project3\Project3\main.cpp(3953,119): warning C4244: 'argument': conversion from 'unsigned int' to 'float', possible loss of data
Z:\Visual studio\Project3\Project3\main.cpp(3955,85): warning C4244: 'argument': conversion from 'unsigned int' to 'float', possible loss of data
Z:\Visual studio\Project3\Project3\main.cpp(3969,26): warning C4018: '<=': signed/unsigned mismatch
Z:\Visual studio\Project3\Project3\main.cpp(3975,117): warning C4244: 'argument': conversion from 'unsigned int' to 'float', possible loss of data
Z:\Visual studio\Project3\Project3\main.cpp(3977,84): warning C4244: 'argument': conversion from 'unsigned int' to 'float', possible loss of data
Z:\Visual studio\Project3\Project3\main.cpp(3999,27): warning C4018: '<': signed/unsigned mismatch
Z:\Visual studio\Project3\Project3\main.cpp(4006,27): warning C4018: '<': signed/unsigned mismatch
Z:\Visual studio\Project3\Project3\main.cpp(4013,27): warning C4018: '<': signed/unsigned mismatch
Z:\Visual studio\Project3\Project3\main.cpp(4024,24): warning C4018: '<': signed/unsigned mismatch
Z:\Visual studio\Project3\Project3\main.cpp(4041,24): warning C4018: '<': signed/unsigned mismatch
Z:\Visual studio\Project3\Project3\main.cpp(4059,24): warning C4018: '<': signed/unsigned mismatch
Z:\Visual studio\Project3\Project3\main.cpp(4082,23): warning C4018: '<': signed/unsigned mismatch
Z:\Visual studio\Project3\Project3\main.cpp(4085,24): warning C4018: '<': signed/unsigned mismatch
Z:\Visual studio\Project3\Project3\main.cpp(4087,95): warning C4244: 'argument': conversion from 'float' to 'int', possible loss of data
Z:\Visual studio\Project3\Project3\main.cpp(4087,76): warning C4244: 'argument': conversion from 'float' to 'int', possible loss of data
Z:\Visual studio\Project3\Project3\main.cpp(4097,25): warning C4018: '<': signed/unsigned mismatch
Z:\Visual studio\Project3\Project3\main.cpp(4099,92): warning C4244: 'argument': conversion from 'float' to 'int', possible loss of data
Z:\Visual studio\Project3\Project3\main.cpp(4099,74): warning C4244: 'argument': conversion from 'float' to 'int', possible loss of data
Z:\Visual studio\Project3\Project3\main.cpp(4109,24): warning C4018: '<': signed/unsigned mismatch
Z:\Visual studio\Project3\Project3\main.cpp(4113,88): warning C4244: 'argument': conversion from 'float' to 'int', possible loss of data
Z:\Visual studio\Project3\Project3\main.cpp(4113,70): warning C4244: 'argument': conversion from 'float' to 'int', possible loss of data
Z:\Visual studio\Project3\Project3\main.cpp(4132,69): warning C4244: '=': conversion from 'sf::Int32' to 'float', possible loss of data
Z:\Visual studio\Project3\Project3\main.cpp(4231,23): warning C4018: '<': signed/unsigned mismatch
Z:\Visual studio\Project3\Project3\main.cpp(4235,23): warning C4018: '<': signed/unsigned mismatch
Z:\Visual studio\Project3\Project3\main.cpp(4239,23): warning C4018: '<': signed/unsigned mismatch
Z:\Visual studio\Project3\Project3\main.cpp(4383,28): warning C4305: 'argument': truncation from 'double' to 'float'
Z:\Visual studio\Project3\Project3\main.cpp(4395,52): warning C4244: 'argument': conversion from 'T' to 'float', possible loss of data
          with
          [
              T=unsigned int
          ]
Z:\Visual studio\Project3\Project3\main.cpp(4395,38): warning C4244: 'argument': conversion from 'T' to 'float', possible loss of data
          with
          [
              T=unsigned int
          ]
Z:\Visual studio\Project3\Project3\main.cpp(4415,37): warning C4305: 'argument': truncation from 'double' to 'float'
Z:\Visual studio\Project3\Project3\main.cpp(4424,39): warning C4305: 'argument': truncation from 'double' to 'float'
Z:\Visual studio\Project3\Project3\main.cpp(4433,33): warning C4305: 'argument': truncation from 'double' to 'float'
Z:\Visual studio\Project3\Project3\main.cpp(4443,38): warning C4305: 'argument': truncation from 'double' to 'float'
Z:\Visual studio\Project3\Project3\main.cpp(4494,22): warning C4244: 'initializing': conversion from 'sf::Int32' to 'float', possible loss of data
Z:\Visual studio\Project3\Project3\main.cpp(4540,42): warning C4305: 'argument': truncation from 'double' to 'T'
          with
          [
              T=float
          ]
Z:\Visual studio\Project3\Project3\main.cpp(4548,19): warning C4244: 'initializing': conversion from 'sf::Int32' to 'float', possible loss of data
Z:\Visual studio\Project3\Project3\main.cpp(4555,37): warning C4305: 'argument': truncation from 'double' to 'float'
Z:\Visual studio\Project3\Project3\main.cpp(4566,31): warning C4244: 'initializing': conversion from 'sf::Int32' to 'float', possible loss of data
Z:\Visual studio\Project3\Project3\main.cpp(4575,38): warning C4305: 'argument': truncation from 'double' to 'float'
Z:\Visual studio\Project3\Project3\main.cpp(4587,29): warning C4244: 'initializing': conversion from 'sf::Int32' to 'float', possible loss of data
Z:\Visual studio\Project3\Project3\main.cpp(4596,37): warning C4305: 'argument': truncation from 'double' to 'float'
Z:\Visual studio\Project3\Project3\main.cpp(4607,27): warning C4244: 'initializing': conversion from 'sf::Int32' to 'float', possible loss of data
Z:\Visual studio\Project3\Project3\main.cpp(4786,59): warning C4244: '=': conversion from 'sf::Int32' to 'float', possible loss of data
Z:\Visual studio\Project3\Project3\main.cpp(4809,37): warning C4305: 'argument': truncation from 'double' to 'float'
Z:\Visual studio\Project3\Project3\main.cpp(4818,37): warning C4305: 'argument': truncation from 'double' to 'float'
Z:\Visual studio\Project3\Project3\main.cpp(4853,117): warning C4244: 'argument': conversion from 'unsigned int' to 'float', possible loss of data
Z:\Visual studio\Project3\Project3\main.cpp(4855,84): warning C4244: 'argument': conversion from 'unsigned int' to 'float', possible loss of data
Z:\Visual studio\Project3\Project3\main.cpp(4875,119): warning C4244: 'argument': conversion from 'unsigned int' to 'float', possible loss of data
Z:\Visual studio\Project3\Project3\main.cpp(4877,85): warning C4244: 'argument': conversion from 'unsigned int' to 'float', possible loss of data
Z:\Visual studio\Project3\Project3\main.cpp(4891,26): warning C4018: '<=': signed/unsigned mismatch
Z:\Visual studio\Project3\Project3\main.cpp(4897,117): warning C4244: 'argument': conversion from 'unsigned int' to 'float', possible loss of data
Z:\Visual studio\Project3\Project3\main.cpp(4899,84): warning C4244: 'argument': conversion from 'unsigned int' to 'float', possible loss of data
Z:\Visual studio\Project3\Project3\main.cpp(4921,27): warning C4018: '<': signed/unsigned mismatch
Z:\Visual studio\Project3\Project3\main.cpp(4928,27): warning C4018: '<': signed/unsigned mismatch
Z:\Visual studio\Project3\Project3\main.cpp(4935,27): warning C4018: '<': signed/unsigned mismatch
Z:\Visual studio\Project3\Project3\main.cpp(4946,24): warning C4018: '<': signed/unsigned mismatch
Z:\Visual studio\Project3\Project3\main.cpp(4963,24): warning C4018: '<': signed/unsigned mismatch
Z:\Visual studio\Project3\Project3\main.cpp(4981,24): warning C4018: '<': signed/unsigned mismatch
Z:\Visual studio\Project3\Project3\main.cpp(5004,23): warning C4018: '<': signed/unsigned mismatch
Z:\Visual studio\Project3\Project3\main.cpp(5007,24): warning C4018: '<': signed/unsigned mismatch
Z:\Visual studio\Project3\Project3\main.cpp(5009,95): warning C4244: 'argument': conversion from 'float' to 'int', possible loss of data
Z:\Visual studio\Project3\Project3\main.cpp(5009,76): warning C4244: 'argument': conversion from 'float' to 'int', possible loss of data
Z:\Visual studio\Project3\Project3\main.cpp(5019,25): warning C4018: '<': signed/unsigned mismatch
Z:\Visual studio\Project3\Project3\main.cpp(5021,92): warning C4244: 'argument': conversion from 'float' to 'int', possible loss of data
Z:\Visual studio\Project3\Project3\main.cpp(5021,74): warning C4244: 'argument': conversion from 'float' to 'int', possible loss of data
Z:\Visual studio\Project3\Project3\main.cpp(5031,24): warning C4018: '<': signed/unsigned mismatch
Z:\Visual studio\Project3\Project3\main.cpp(5035,88): warning C4244: 'argument': conversion from 'float' to 'int', possible loss of data
Z:\Visual studio\Project3\Project3\main.cpp(5035,70): warning C4244: 'argument': conversion from 'float' to 'int', possible loss of data
Z:\Visual studio\Project3\Project3\main.cpp(5054,69): warning C4244: '=': conversion from 'sf::Int32' to 'float', possible loss of data
Z:\Visual studio\Project3\Project3\main.cpp(5154,23): warning C4018: '<': signed/unsigned mismatch
Z:\Visual studio\Project3\Project3\main.cpp(5158,23): warning C4018: '<': signed/unsigned mismatch
Z:\Visual studio\Project3\Project3\main.cpp(5162,23): warning C4018: '<': signed/unsigned mismatch
Z:\Visual studio\Project3\Project3\main.cpp(5628,61): warning C4244: '=': conversion from 'sf::Int32' to 'float', possible loss of data
Z:\Visual studio\Project3\Project3\main.cpp(5635,76): warning C4244: 'argument': conversion from 'T' to 'T', possible loss of data
          with
          [
              T=float
          ]
          and
          [
              T=int
          ]
Z:\Visual studio\Project3\Project3\main.cpp(5635,9): warning C4244: 'argument': conversion from 'T' to 'T', possible loss of data
          with
          [
              T=float
          ]
          and
          [
              T=int
          ]
Z:\Visual studio\Project3\Project3\main.cpp(5634,99): warning C4244: 'argument': conversion from 'T' to 'T', possible loss of data
          with
          [
              T=float
          ]
          and
          [
              T=int
          ]
Z:\Visual studio\Project3\Project3\main.cpp(5648,75): warning C4244: 'argument': conversion from 'T' to 'T', possible loss of data
          with
          [
              T=float
          ]
          and
          [
              T=int
          ]
Z:\Visual studio\Project3\Project3\main.cpp(5648,38): warning C4244: 'argument': conversion from 'T' to 'T', possible loss of data
          with
          [
              T=float
          ]
          and
          [
              T=int
          ]
Z:\Visual studio\Project3\Project3\main.cpp(5647,61): warning C4244: 'argument': conversion from 'T' to 'T', possible loss of data
          with
          [
              T=float
          ]
          and
          [
              T=int
          ]
Z:\Visual studio\Project3\Project3\main.cpp(5654,26): warning C4553: '==': result of expression not used; did you intend '='?
Z:\Visual studio\Project3\Project3\main.cpp(5662,61): warning C4244: '=': conversion from 'sf::Int32' to 'float', possible loss of data
Z:\Visual studio\Project3\Project3\main.cpp(5669,76): warning C4244: 'argument': conversion from 'T' to 'T', possible loss of data
          with
          [
              T=float
          ]
          and
          [
              T=int
          ]
Z:\Visual studio\Project3\Project3\main.cpp(5669,9): warning C4244: 'argument': conversion from 'T' to 'T', possible loss of data
          with
          [
              T=float
          ]
          and
          [
              T=int
          ]
Z:\Visual studio\Project3\Project3\main.cpp(5668,99): warning C4244: 'argument': conversion from 'T' to 'T', possible loss of data
          with
          [
              T=float
          ]
          and
          [
              T=int
          ]
Z:\Visual studio\Project3\Project3\main.cpp(5682,75): warning C4244: 'argument': conversion from 'T' to 'T', possible loss of data
          with
          [
              T=float
          ]
          and
          [
              T=int
          ]
Z:\Visual studio\Project3\Project3\main.cpp(5682,38): warning C4244: 'argument': conversion from 'T' to 'T', possible loss of data
          with
          [
              T=float
          ]
          and
          [
              T=int
          ]
Z:\Visual studio\Project3\Project3\main.cpp(5681,61): warning C4244: 'argument': conversion from 'T' to 'T', possible loss of data
          with
          [
              T=float
          ]
          and
          [
              T=int
          ]
Z:\Visual studio\Project3\Project3\main.cpp(5707,79): warning C4244: '+=': conversion from 'double' to 'T', possible loss of data
          with
          [
              T=float
          ]
Z:\Visual studio\Project3\Project3\main.cpp(5716,79): warning C4244: '+=': conversion from 'double' to 'T', possible loss of data
          with
          [
              T=float
          ]
Z:\Visual studio\Project3\Project3\main.cpp(5725,79): warning C4244: '+=': conversion from 'double' to 'T', possible loss of data
          with
          [
              T=float
          ]
Z:\Visual studio\Project3\Project3\main.cpp(5734,79): warning C4244: '+=': conversion from 'double' to 'T', possible loss of data
          with
          [
              T=float
          ]
  Project3.vcxproj -> Z:\Visual studio\Project3\Debug\Project3.exe
