c:\users\abdo sobhy\source\repos\project3\project3\debug\vc141.pdb
c:\users\abdo sobhy\source\repos\project3\project3\debug\vc141.idb
c:\users\abdo sobhy\source\repos\project3\project3\debug\main.obj
c:\users\abdo sobhy\source\repos\project3\debug\project3.exe
c:\users\abdo sobhy\source\repos\project3\debug\project3.ilk
c:\users\abdo sobhy\source\repos\project3\debug\project3.pdb
c:\users\abdelrhman\source\repos\project3\project3\project3\debug\source.obj
c:\users\abdelrhman\source\repos\project3\project3\project3\debug\vc141(1).idb
c:\users\abdelrhman\source\repos\project3\project3\project3\debug\vc141(2).idb
c:\users\abdelrhman\source\repos\project3\project3\project3\debug\vc141.idb
c:\users\abdelrhman\source\repos\project3\project3\project3\debug\vc142.idb
c:\users\abdelrhman\source\repos\project3\project3\project3\debug\vc141(1).pdb
c:\users\abdelrhman\source\repos\project3\project3\project3\debug\vc141.pdb
c:\users\abdelrhman\source\repos\project3\project3\project3\debug\vc142.pdb
c:\users\abdelrhman\source\repos\project3\project3\debug\project3.pdb
c:\users\abdelrhman\source\repos\project3\project3\debug\project3.exe
c:\users\abdelrhman\source\repos\project3\project3\debug\project3.ilk
c:\users\abdelrhman\source\repos\project3\project3\project3\debug\project3.tlog\cl.command.1.tlog
c:\users\abdelrhman\source\repos\project3\project3\project3\debug\project3.tlog\cl.read.1.tlog
c:\users\abdelrhman\source\repos\project3\project3\project3\debug\project3.tlog\cl.write.1.tlog
c:\users\abdelrhman\source\repos\project3\project3\project3\debug\project3.tlog\link.command.1.tlog
c:\users\abdelrhman\source\repos\project3\project3\project3\debug\project3.tlog\link.read.1.tlog
c:\users\abdelrhman\source\repos\project3\project3\project3\debug\project3.tlog\link.write.1.tlog
